<?xml version="1.0" encoding="UTF-8"?>
<!-- Generated by org.testng.reporters.JUnitXMLReporter -->
<testsuite ignored="0" hostname="sowmiii" failures="0" tests="3" name="Default test" time="0.595" errors="0" timestamp="2023-03-18T17:00:03 IST">
  <testcase classname="com.Features.Parameter1" name="Userdata1" time="0.166"/>
  <testcase classname="com.Features.Parameter1" name="Userdata1" time="0.014"/>
  <testcase classname="com.Features.Parameter1" name="Userdata1" time="0.02"/>
</testsuite> <!-- Default test -->
