<?xml version="1.0" encoding="UTF-8"?>
<testng-results ignored="0" total="3" passed="3" failed="0" skipped="0">
  <reporter-output>
  </reporter-output>
  <suite started-at="2023-03-18T17:00:02 IST" name="Default suite" finished-at="2023-03-18T17:00:03 IST" duration-ms="595">
    <groups>
    </groups>
    <test started-at="2023-03-18T17:00:02 IST" name="Default test" finished-at="2023-03-18T17:00:03 IST" duration-ms="595">
      <class name="com.Features.Parameter1">
        <test-method signature="Userdata1(java.lang.String,int)[pri:0, instance:com.Features.Parameter1@611889f4]" started-at="2023-03-18T17:00:02 IST" name="Userdata1" data-provider="provied" finished-at="2023-03-18T17:00:03 IST" duration-ms="166" status="PASS">
          <params>
            <param index="0">
              <value>
                <![CDATA[Smith]]>
              </value>
            </param>
            <param index="1">
              <value>
                <![CDATA[123]]>
              </value>
            </param>
          </params>
          <reporter-output>
          </reporter-output>
        </test-method> <!-- Userdata1 -->
        <test-method signature="Userdata1(java.lang.String,int)[pri:0, instance:com.Features.Parameter1@611889f4]" started-at="2023-03-18T17:00:03 IST" name="Userdata1" data-provider="provied" finished-at="2023-03-18T17:00:03 IST" duration-ms="14" status="PASS">
          <params>
            <param index="0">
              <value>
                <![CDATA[Steve]]>
              </value>
            </param>
            <param index="1">
              <value>
                <![CDATA[12345]]>
              </value>
            </param>
          </params>
          <reporter-output>
          </reporter-output>
        </test-method> <!-- Userdata1 -->
        <test-method signature="Userdata1(java.lang.String,int)[pri:0, instance:com.Features.Parameter1@611889f4]" started-at="2023-03-18T17:00:03 IST" name="Userdata1" data-provider="provied" finished-at="2023-03-18T17:00:03 IST" duration-ms="20" status="PASS">
          <params>
            <param index="0">
              <value>
                <![CDATA[Starc]]>
              </value>
            </param>
            <param index="1">
              <value>
                <![CDATA[1234567]]>
              </value>
            </param>
          </params>
          <reporter-output>
          </reporter-output>
        </test-method> <!-- Userdata1 -->
      </class> <!-- com.Features.Parameter1 -->
    </test> <!-- Default test -->
  </suite> <!-- Default suite -->
</testng-results>
